[SCHEDULE] Running initial unconstrained Joint_Solver to get an upper bound...
[SCHEDULE] Initial unconstrained schedule found. upper bound r = 148
[SCHEDULE] Try mid = 74
[SCHEDULE] mid = 74 infeasible
[SCHEDULE] Try mid = 111
[SCHEDULE] mid = 111 feasible
[SCHEDULE] Try mid = 92
[SCHEDULE] mid = 92 feasible
[SCHEDULE] Try mid = 83
[SCHEDULE] mid = 83 infeasible
[SCHEDULE] Try mid = 87
[SCHEDULE] mid = 87 feasible
[SCHEDULE] Try mid = 85
[SCHEDULE] mid = 85 infeasible
[SCHEDULE] Try mid = 86
[SCHEDULE] mid = 86 feasible

[RESULT] minimal start bound = 86
[SCHEDULE] Stmt 0 start=1
[SCHEDULE] Stmt 1 start=2
[SCHEDULE] Stmt 2 start=2
[SCHEDULE] Stmt 3 start=2
[SCHEDULE] Stmt 4 start=3
[SCHEDULE] Stmt 5 start=1
[SCHEDULE] Stmt 6 start=86
[SCHEDULE] Stmt 7 start=4
[SCHEDULE] Stmt 8 start=8
[SCHEDULE] Stmt 9 start=1
[SCHEDULE] Stmt 10 start=4
[SCHEDULE] Stmt 11 start=4
[SCHEDULE] Stmt 12 start=5
[SCHEDULE] Stmt 13 start=14
[SCHEDULE] Stmt 14 start=1
[SCHEDULE] Stmt 15 start=86
[SCHEDULE] Stmt 16 start=6
[SCHEDULE] Stmt 17 start=20
[SCHEDULE] Stmt 18 start=26
[SCHEDULE] Stmt 19 start=30
[SCHEDULE] Stmt 20 start=1
[SCHEDULE] Stmt 21 start=36
[SCHEDULE] Stmt 22 start=1
[SCHEDULE] Stmt 23 start=7
[SCHEDULE] Stmt 24 start=1
[SCHEDULE] Stmt 25 start=86
[SCHEDULE] Stmt 26 start=14
[SCHEDULE] Stmt 27 start=15
[SCHEDULE] Stmt 28 start=16
[SCHEDULE] Stmt 29 start=1
[SCHEDULE] Stmt 30 start=86
[SCHEDULE] Stmt 31 start=86
[SCHEDULE] Stmt 32 start=21
[SCHEDULE] Stmt 33 start=22
[SCHEDULE] Stmt 34 start=1
[SCHEDULE] Stmt 35 start=86
[SCHEDULE] Stmt 36 start=27
[SCHEDULE] Stmt 37 start=28
[SCHEDULE] Stmt 38 start=36
[SCHEDULE] Stmt 39 start=40
[SCHEDULE] Stmt 40 start=1
[SCHEDULE] Stmt 41 start=68
[SCHEDULE] Stmt 42 start=1
[SCHEDULE] Stmt 43 start=36
[SCHEDULE] Stmt 44 start=37
[SCHEDULE] Stmt 45 start=1
[SCHEDULE] Stmt 46 start=86
[SCHEDULE] Stmt 47 start=86
[SCHEDULE] Stmt 48 start=33
[SCHEDULE] Stmt 49 start=34
[SCHEDULE] Stmt 50 start=1
[SCHEDULE] Stmt 51 start=86
[SCHEDULE] Stmt 52 start=86
[SCHEDULE] Stmt 53 start=30
[SCHEDULE] Stmt 54 start=31
[SCHEDULE] Stmt 55 start=40
[SCHEDULE] Stmt 56 start=1
[SCHEDULE] Stmt 57 start=86
[SCHEDULE] Stmt 58 start=86
[SCHEDULE] Stmt 59 start=32
[SCHEDULE] Stmt 60 start=46
[SCHEDULE] Stmt 61 start=59
[SCHEDULE] Stmt 62 start=71
[SCHEDULE] Stmt 63 start=1
[SCHEDULE] Stmt 64 start=86
[SCHEDULE] Stmt 65 start=77
[SCHEDULE] Stmt 66 start=1
[SCHEDULE] Stmt 67 start=86
[SCHEDULE] Stmt 68 start=69
[SCHEDULE] Stmt 69 start=1
[SCHEDULE] Stmt 70 start=86
[SCHEDULE] Stmt 71 start=32
[SCHEDULE] Stmt 72 start=33
[SCHEDULE] Stmt 73 start=34
[SCHEDULE] Stmt 74 start=1
[SCHEDULE] Stmt 75 start=86
[SCHEDULE] Stmt 76 start=86
[SCHEDULE] Stmt 77 start=86
[SCHEDULE] Stmt 78 start=36
[SCHEDULE] Stmt 79 start=46
[SCHEDULE] Stmt 80 start=1
[SCHEDULE] Stmt 81 start=86
[SCHEDULE] Stmt 82 start=86
[SCHEDULE] Stmt 83 start=37
[SCHEDULE] Stmt 84 start=57
[SCHEDULE] Stmt 85 start=63
[SCHEDULE] Stmt 86 start=79
[SCHEDULE] Stmt 87 start=1
[SCHEDULE] Stmt 88 start=86
[SCHEDULE] Stmt 89 start=85
[SCHEDULE] Stmt 90 start=1
[SCHEDULE] Stmt 91 start=77
[SCHEDULE] Stmt 92 start=78
[SCHEDULE] Stmt 93 start=1
[SCHEDULE] Stmt 94 start=86
[SCHEDULE] Stmt 95 start=86
[SCHEDULE] Stmt 96 start=38
[SCHEDULE] Stmt 97 start=52
[SCHEDULE] Stmt 98 start=1
[SCHEDULE] Stmt 99 start=86
[SCHEDULE] Stmt 100 start=86
[SCHEDULE] Stmt 101 start=33
[SCHEDULE] Stmt 102 start=34
[SCHEDULE] Stmt 103 start=58
[SCHEDULE] Stmt 104 start=1
[SCHEDULE] Stmt 105 start=86
[SCHEDULE] Stmt 106 start=86
[SCHEDULE] Stmt 107 start=35
[SCHEDULE] Stmt 108 start=69
[SCHEDULE] Stmt 109 start=75
[SCHEDULE] Stmt 110 start=79
[SCHEDULE] Stmt 111 start=1
[SCHEDULE] Stmt 112 start=86
[SCHEDULE] Stmt 113 start=85
[SCHEDULE] Stmt 114 start=64
[SCHEDULE] Stmt 115 start=36
[SCHEDULE] Stmt 116 start=1
[SCHEDULE] Stmt 117 start=86
[SCHEDULE] Stmt 118 start=86
[SCHEDULE] Stmt 119 start=39
[SCHEDULE] Stmt 120 start=86
[SCHEDULE] Stmt 121 start=86
[SCHEDULE] Stmt 122 start=86
[SCHEDULE] Stmt 123 start=37
[SCHEDULE] Stmt 124 start=40
[SCHEDULE] Stmt 125 start=86
[SCHEDULE] Stmt 126 start=7
[SCHEDULE] Stmt 127 start=7
[SCHEDULE] Stmt 128 start=8
[SCHEDULE] Stmt 129 start=46
[SCHEDULE] Stmt 130 start=53
[SCHEDULE] Stmt 131 start=59
[SCHEDULE] Stmt 132 start=63
[SCHEDULE] Stmt 133 start=1
[SCHEDULE] Stmt 134 start=69
[SCHEDULE] Stmt 135 start=1
[SCHEDULE] Stmt 136 start=38
[SCHEDULE] Stmt 137 start=1
[SCHEDULE] Stmt 138 start=86
[SCHEDULE] Stmt 139 start=86
[SCHEDULE] Stmt 140 start=86
[SCHEDULE] Stmt 141 start=39
[SCHEDULE] Stmt 142 start=40
[SCHEDULE] Stmt 143 start=1
[SCHEDULE] Stmt 144 start=86
[SCHEDULE] Stmt 145 start=82
[SCHEDULE] Stmt 146 start=44
[SCHEDULE] Stmt 147 start=52
[SCHEDULE] Stmt 148 start=62
[SCHEDULE] Stmt 149 start=68
[SCHEDULE] Stmt 150 start=72
[SCHEDULE] Stmt 151 start=1
[SCHEDULE] Stmt 152 start=78
[SCHEDULE] Stmt 153 start=1
[SCHEDULE] Stmt 154 start=86
[SCHEDULE] Stmt 155 start=70
[SCHEDULE] Stmt 156 start=1
[SCHEDULE] Stmt 157 start=86
[SCHEDULE] Stmt 158 start=86
[SCHEDULE] Stmt 159 start=86
[SCHEDULE] Stmt 160 start=45
[SCHEDULE] Stmt 161 start=46
[SCHEDULE] Stmt 162 start=1
[SCHEDULE] Stmt 163 start=86
[SCHEDULE] Stmt 164 start=86
[SCHEDULE] Stmt 165 start=50
[SCHEDULE] Stmt 166 start=51
[SCHEDULE] Stmt 167 start=52
[SCHEDULE] Stmt 168 start=61
[SCHEDULE] Stmt 169 start=67
[SCHEDULE] Stmt 170 start=71
[SCHEDULE] Stmt 171 start=1
[SCHEDULE] Stmt 172 start=86
[SCHEDULE] Stmt 173 start=77
[SCHEDULE] Stmt 174 start=1
[SCHEDULE] Stmt 175 start=86
[SCHEDULE] Stmt 176 start=79
[SCHEDULE] Stmt 177 start=1
[SCHEDULE] Stmt 178 start=86
[SCHEDULE] Stmt 179 start=86
[SCHEDULE] Stmt 180 start=86
[SCHEDULE] Stmt 181 start=51
[SCHEDULE] Stmt 182 start=52
[SCHEDULE] Stmt 183 start=1
[SCHEDULE] Stmt 184 start=86
[SCHEDULE] Stmt 185 start=86
[SCHEDULE] Stmt 186 start=86
[SCHEDULE] Stmt 187 start=63
[SCHEDULE] Stmt 188 start=64
[SCHEDULE] Stmt 189 start=70
[SCHEDULE] Stmt 190 start=76
[SCHEDULE] Stmt 191 start=80
[SCHEDULE] Stmt 192 start=1
[SCHEDULE] Stmt 193 start=86
[SCHEDULE] Stmt 194 start=86
[SCHEDULE] Stmt 195 start=1
[SCHEDULE] Stmt 196 start=86
[SCHEDULE] Stmt 197 start=79
[SCHEDULE] Stmt 198 start=1
[SCHEDULE] Stmt 199 start=86
[SCHEDULE] Stmt 200 start=86
[SCHEDULE] Stmt 201 start=86
[SCHEDULE] Stmt 202 start=57
[SCHEDULE] Stmt 203 start=58
[SCHEDULE] Stmt 204 start=1
[SCHEDULE] Stmt 205 start=86
[SCHEDULE] Stmt 206 start=86
[SCHEDULE] Stmt 207 start=49
[SCHEDULE] Stmt 208 start=50
[SCHEDULE] Stmt 209 start=64
[SCHEDULE] Stmt 210 start=70
[SCHEDULE] Stmt 211 start=76
[SCHEDULE] Stmt 212 start=80
[SCHEDULE] Stmt 213 start=1
[SCHEDULE] Stmt 214 start=86
[SCHEDULE] Stmt 215 start=86
